Copyright 1986-2020 Xilinx, Inc. All Rights Reserved.
----------------------------------------------------------------------------------------------------------------------------------------
| Tool Version     : Vivado v.2020.2 (win64) Build 3064766 Wed Nov 18 09:12:45 MST 2020
| Date             : Sun Jan 19 23:35:58 2025
| Host             : Lab running 64-bit major release  (build 9200)
| Command          : report_power -file system_power_routed.rpt -pb system_power_summary_routed.pb -rpx system_power_routed.rpx
| Design           : system
| Device           : xc7a200tfbg484-2
| Design State     : routed
| Grade            : commercial
| Process          : typical
| Characterization : Production
----------------------------------------------------------------------------------------------------------------------------------------

Power Report

Table of Contents
-----------------
1. Summary
1.1 On-Chip Components
1.2 Power Supply Summary
1.3 Confidence Level
2. Settings
2.1 Environment
2.2 Clock Constraints
3. Detailed Reports
3.1 By Hierarchy

1. Summary
----------

+--------------------------+--------------+
| Total On-Chip Power (W)  | 0.260        |
| Design Power Budget (W)  | Unspecified* |
| Power Budget Margin (W)  | NA           |
| Dynamic (W)              | 0.113        |
| Device Static (W)        | 0.148        |
| Effective TJA (C/W)      | 2.5          |
| Max Ambient (C)          | 84.4         |
| Junction Temperature (C) | 25.6         |
| Confidence Level         | Low          |
| Setting File             | ---          |
| Simulation Activity File | ---          |
| Design Nets Matched      | NA           |
+--------------------------+--------------+
* Specify Design Power Budget using, set_operating_conditions -design_power_budget <value in Watts>


1.1 On-Chip Components
----------------------

+--------------------------+-----------+----------+-----------+-----------------+
| On-Chip                  | Power (W) | Used     | Available | Utilization (%) |
+--------------------------+-----------+----------+-----------+-----------------+
| Clocks                   |     0.005 |        6 |       --- |             --- |
| Slice Logic              |     0.001 |    25633 |       --- |             --- |
|   LUT as Logic           |     0.001 |    11130 |    133800 |            8.32 |
|   CARRY4                 |    <0.001 |      393 |     33450 |            1.17 |
|   Register               |    <0.001 |    11285 |    267600 |            4.22 |
|   LUT as Distributed RAM |    <0.001 |       16 |     46200 |            0.03 |
|   F7/F8 Muxes            |    <0.001 |      648 |    133800 |            0.48 |
|   Others                 |     0.000 |      556 |       --- |             --- |
|   BUFG                   |     0.000 |        1 |        32 |            3.13 |
| Signals                  |     0.001 |    21380 |       --- |             --- |
| Block RAM                |     0.009 |       32 |       365 |            8.77 |
| MMCM                     |     0.095 |        1 |        10 |           10.00 |
| I/O                      |     0.001 |       81 |       285 |           28.42 |
| Static Power             |     0.148 |          |           |                 |
| Total                    |     0.260 |          |           |                 |
+--------------------------+-----------+----------+-----------+-----------------+


1.2 Power Supply Summary
------------------------

+-----------+-------------+-----------+-------------+------------+-------------+-------------+------------+
| Source    | Voltage (V) | Total (A) | Dynamic (A) | Static (A) | Powerup (A) | Budget (A)  | Margin (A) |
+-----------+-------------+-----------+-------------+------------+-------------+-------------+------------+
| Vccint    |       1.000 |     0.047 |       0.016 |      0.031 |       NA    | Unspecified | NA         |
| Vccaux    |       1.800 |     0.083 |       0.053 |      0.031 |       NA    | Unspecified | NA         |
| Vcco33    |       3.300 |     0.005 |       0.000 |      0.005 |       NA    | Unspecified | NA         |
| Vcco25    |       2.500 |     0.000 |       0.000 |      0.000 |       NA    | Unspecified | NA         |
| Vcco18    |       1.800 |     0.000 |       0.000 |      0.000 |       NA    | Unspecified | NA         |
| Vcco15    |       1.500 |     0.005 |       0.000 |      0.005 |       NA    | Unspecified | NA         |
| Vcco135   |       1.350 |     0.000 |       0.000 |      0.000 |       NA    | Unspecified | NA         |
| Vcco12    |       1.200 |     0.000 |       0.000 |      0.000 |       NA    | Unspecified | NA         |
| Vccaux_io |       1.800 |     0.000 |       0.000 |      0.000 |       NA    | Unspecified | NA         |
| Vccbram   |       1.000 |     0.002 |       0.001 |      0.001 |       NA    | Unspecified | NA         |
| MGTAVcc   |       1.000 |     0.000 |       0.000 |      0.000 |       NA    | Unspecified | NA         |
| MGTAVtt   |       1.200 |     0.000 |       0.000 |      0.000 |       NA    | Unspecified | NA         |
| Vccadc    |       1.800 |     0.020 |       0.000 |      0.020 |       NA    | Unspecified | NA         |
+-----------+-------------+-----------+-------------+------------+-------------+-------------+------------+


1.3 Confidence Level
--------------------

+-----------------------------+------------+--------------------------------------------------------+------------------------------------------------------------------------------------------------------------+
| User Input Data             | Confidence | Details                                                | Action                                                                                                     |
+-----------------------------+------------+--------------------------------------------------------+------------------------------------------------------------------------------------------------------------+
| Design implementation state | High       | Design is routed                                       |                                                                                                            |
| Clock nodes activity        | High       | User specified more than 95% of clocks                 |                                                                                                            |
| I/O nodes activity          | Low        | More than 75% of inputs are missing user specification | Provide missing input activity with simulation results or by editing the "By Resource Type -> I/Os" view   |
| Internal nodes activity     | Medium     | User specified less than 25% of internal nodes         | Provide missing internal nodes activity with simulation results or by editing the "By Resource Type" views |
| Device models               | High       | Device models are Production                           |                                                                                                            |
|                             |            |                                                        |                                                                                                            |
| Overall confidence level    | Low        |                                                        |                                                                                                            |
+-----------------------------+------------+--------------------------------------------------------+------------------------------------------------------------------------------------------------------------+


2. Settings
-----------

2.1 Environment
---------------

+-----------------------+--------------------------+
| Ambient Temp (C)      | 25.0                     |
| ThetaJA (C/W)         | 2.5                      |
| Airflow (LFM)         | 250                      |
| Heat Sink             | medium (Medium Profile)  |
| ThetaSA (C/W)         | 4.2                      |
| Board Selection       | medium (10"x10")         |
| # of Board Layers     | 12to15 (12 to 15 Layers) |
| Board Temperature (C) | 25.0                     |
+-----------------------+--------------------------+


2.2 Clock Constraints
---------------------

+---------------+----------------------------+-----------------+
| Clock         | Domain                     | Constraint (ns) |
+---------------+----------------------------+-----------------+
| CLK100MHZ     | CLK100MHZ                  |            10.0 |
| clk_out2_mmcm | ip_mmcm/inst/clk_out2_mmcm |            62.5 |
| clkfbout_mmcm | ip_mmcm/inst/clkfbout_mmcm |            10.0 |
| sys_clk_pin   | CLK32768KHZ                |         30517.6 |
+---------------+----------------------------+-----------------+


3. Detailed Reports
-------------------

3.1 By Hierarchy
----------------

+--------------------------+-----------+
| Name                     | Power (W) |
+--------------------------+-----------+
| system                   |     0.113 |
|   dut                    |     0.016 |
|     u_e203_subsys_top    |     0.016 |
|       u_e203_subsys_main |     0.016 |
|   ip_mmcm                |     0.096 |
|     inst                 |     0.096 |
+--------------------------+-----------+


